2022-04-05 19:13:50,081 - __main__ - INFO - Get permutations for: glovse
2022-04-05 19:14:10,834 - __main__ - INFO - Starting...
2022-04-05 19:14:10,834 - __main__ - INFO - Get permutations for: glovse
2022-04-05 19:15:51,487 - __main__ - INFO - Starting...
2022-04-05 19:15:51,488 - __main__ - INFO - Get permutations for: glovse
2022-04-05 19:16:10,690 - __main__ - INFO - Get permutations for: glovse
2022-04-05 19:16:55,111 - __main__ - INFO - Get permutations for: glovse
2022-04-05 19:17:24,998 - __main__ - INFO - Get permutations for: glovse
2022-04-05 19:18:08,099 - __main__ - INFO - Get permutations for: glovse
2022-04-05 19:19:43,996 - __main__ - INFO - Get permutations for: rrddbaaco
2022-04-05 19:20:05,226 - __main__ - INFO - Get permutations for: rrddbaaco
2022-04-05 19:20:32,302 - __main__ - INFO - Get permutations for: rrddbaaco
2022-04-05 19:20:49,676 - __main__ - INFO - Get permutations for: rrddbaaco
2022-04-05 19:22:58,119 - __main__ - INFO - Get permutations for: oiceelxtrpsu
2022-04-05 19:25:02,106 - __main__ - INFO - Get permutations for: oicelxtru
2022-04-05 19:25:16,735 - __main__ - INFO - Get permutations for: oicelpxtru
2022-04-05 19:31:46,034 - __main__ - INFO - Get permutations for: olaememyurpsx
2022-04-05 19:34:37,995 - __main__ - INFO - Get permutations for: pmmaeoyursx
2022-04-05 19:39:21,421 - __main__ - INFO - Get permutations for: pmmaeoyursx
2022-04-05 19:41:27,087 - __main__ - INFO - Get permutations for: pmmaeoyursx
2022-04-05 19:42:42,749 - __main__ - INFO - Get permutations for: pmmaeoyursx
2022-04-05 19:54:01,200 - __main__ - INFO - Get permutations for: oidaaenyuspprtw
2022-04-05 20:40:17,025 - __main__ - INFO - Get permutations for: oidaaenyus
2022-04-05 20:40:31,855 - __main__ - INFO - Get permutations for: oidaaenyus
2022-04-05 20:46:03,087 - __main__ - INFO - Get permutations for: oidaaenyus
2022-04-05 21:25:07,142 - __main__ - ERROR - division by zero
2022-04-05 21:26:11,593 - __main__ - ERROR - division by zero
2022-04-05 21:27:56,288 - __main__ - INFO - Find in symbols [летопись], word len = 4. mask = ^л\w{3}$
2022-04-05 21:27:56,307 - __main__ - ERROR - division by zero
